<?xml version="1.0" encoding="UTF-8"?>
<!-- Generated by org.testng.reporters.JUnitXMLReporter -->
<testsuite ignored="2" hostname="DESKTOP-303SFMA" failures="0" tests="0" time="0.012" errors="0" timestamp="2023-07-30T01:34:27 GMT-05:00">
  <testcase classname="testNGLearning.MoreOnAnnotations" name="testCase2" time="0.0">
    <ignored/>
  </testcase> <!-- testCase2 -->
  <testcase classname="testNGLearning.MoreOnAnnotations" name="testCase1" time="0.0">
    <ignored/>
  </testcase> <!-- testCase1 -->
</testsuite>
